#
# A fatal error has been detected by the Java Runtime Environment:
#
#  EXCEPTION_ACCESS_VIOLATION (0xc0000005) at pc=0x0000000073e0fa4a, pid=9388, tid=0x0000000000000958
#
# JRE version: OpenJDK Runtime Environment (8.0_242-b01) (build 1.8.0_242-release-1644-b01)
# Java VM: OpenJDK 64-Bit Server VM (25.242-b01 mixed mode windows-amd64 compressed oops)
# Problematic frame:
# V  [jvm.dll+0x46fa4a]
#
# Failed to write core dump. Minidumps are not enabled by default on client versions of Windows
#
# If you would like to submit a bug report, please visit:
#   
#

---------------  T H R E A D  ---------------

Current thread (0x000000001835d000):  JavaThread "C2 CompilerThread1" daemon [_thread_in_native, id=2392, stack(0x0000000019d50000,0x0000000019e50000)]

siginfo: ExceptionCode=0xc0000005, reading address 0x00000003c2005320

Registers:
RAX=0x0000000019e4c3c0, RBX=0x0000000000000002, RCX=0x00000000214898a0, RDX=0x000000007416f750
RSP=0x0000000019e4be80, RBP=0x0000000019e4bf80, RSI=0x0000000000010000, RDI=0x00000000000dcf00
R8 =0x000000002247e050, R9 =0x000000001b945328, R10=0x0000000000001f90, R11=0x0000000019e4be50
R12=0x000000000000001f, R13=0x000000001ed74db0, R14=0x000000001e881dc8, R15=0x0000000000000000
RIP=0x0000000073e0fa4a, EFLAGS=0x0000000000010246

Top of Stack: (sp=0x0000000019e4be80)
0x0000000019e4be80:   000000000016c380 00000000225ea408
0x0000000019e4be90:   0000000019e4bf80 0000000000000002
0x0000000019e4bea0:   0000000100000000 0000000000000007
0x0000000019e4beb0:   000000001e881dc8 00001f9000000001
0x0000000019e4bec0:   0000049d00000006 0000000000000000
0x0000000019e4bed0:   0000000005055455 0000000000000000
0x0000000019e4bee0:   0000000000000000 0000000000000000
0x0000000019e4bef0:   0000000000000000 0000328f00000000
0x0000000019e4bf00:   0303030300000008 000000001ece09c0
0x0000000019e4bf10:   0000000000000041 000000001ece02a0
0x0000000019e4bf20:   0000000000000041 0000000019e4bfd0
0x0000000019e4bf30:   0000000000000002 0000000000000002
0x0000000019e4bf40:   0000000000000030 0000000000000000
0x0000000019e4bf50:   0000000000000000 0000000000000000
0x0000000019e4bf60:   0000000000000000 000000000000049d
0x0000000019e4bf70:   0000000000000000 000000001ed74db0 

Instructions: (pc=0x0000000073e0fa4a)
0x0000000073e0fa2a:   7c 38 18 ff 74 6f 41 83 7e 20 01 75 68 49 8b 46
0x0000000073e0fa3a:   10 4c 8b 08 48 8b 41 48 48 8b 48 68 41 8b 51 28
0x0000000073e0fa4a:   4c 39 2c d1 75 4f 44 8b 5c 24 40 49 8b ce 41 3b
0x0000000073e0fa5a:   db 77 34 48 8b 55 b0 48 c1 e2 03 0f b6 41 2c 24 


Register to memory mapping:

RAX=0x0000000019e4c3c0 is pointing into the stack for thread: 0x000000001835d000
RBX=0x0000000000000002 is an unknown value
RCX=0x00000000214898a0 is an unknown value
RDX=0x000000007416f750 is an unknown value
RSP=0x0000000019e4be80 is pointing into the stack for thread: 0x000000001835d000
RBP=0x0000000019e4bf80 is pointing into the stack for thread: 0x000000001835d000
RSI=0x0000000000010000 is an unknown value
RDI=0x00000000000dcf00 is an unknown value
R8 =0x000000002247e050 is an unknown value
R9 =0x000000001b945328 is an unknown value
R10=0x0000000000001f90 is an unknown value
R11=0x0000000019e4be50 is pointing into the stack for thread: 0x000000001835d000
R12=0x000000000000001f is an unknown value
R13=0x000000001ed74db0 is an unknown value
R14=0x000000001e881dc8 is an unknown value
R15=0x0000000000000000 is an unknown value


Stack: [0x0000000019d50000,0x0000000019e50000],  sp=0x0000000019e4be80,  free space=1007k
Native frames: (J=compiled Java code, j=interpreted, Vv=VM code, C=native code)
V  [jvm.dll+0x46fa4a]
V  [jvm.dll+0x43ac08]
V  [jvm.dll+0x4456ab]
V  [jvm.dll+0x447fa8]
V  [jvm.dll+0x42b072]
V  [jvm.dll+0x8230f]
V  [jvm.dll+0x82c7f]
V  [jvm.dll+0x220b7f]
V  [jvm.dll+0x27276a]
C  [msvcr100.dll+0x21d9f]
C  [msvcr100.dll+0x21e3b]
C  [KERNEL32.DLL+0x17bd4]
C  [ntdll.dll+0x6ce51]


Current CompileTask:
C2:   4736 2362       4       java.net.URLClassLoader$1::run (5 bytes)


---------------  P R O C E S S  ---------------

Java Threads: ( => current thread )
  0x000000001be51800 JavaThread "Cache worker for execution history cache (C:\Users\bless\.gradle\caches\6.1.1\executionHistory)" [_thread_blocked, id=200, stack(0x0000000020800000,0x0000000020900000)]
  0x000000001be56000 JavaThread "Cache worker for cache directory md-rule (C:\Users\bless\.gradle\caches\6.1.1\md-rule)" [_thread_blocked, id=12252, stack(0x0000000020260000,0x0000000020360000)]
  0x000000001be55800 JavaThread "Cache worker for cache directory md-supplier (C:\Users\bless\.gradle\caches\6.1.1\md-supplier)" [_thread_blocked, id=2856, stack(0x0000000020160000,0x0000000020260000)]
  0x000000001be4f800 JavaThread "Cache worker for file hash cache (E:\AndroidProjects\sqlite\.gradle\6.1.1\fileHashes)" [_thread_blocked, id=10144, stack(0x0000000020500000,0x0000000020600000)]
  0x000000001be54800 JavaThread "Cache worker for checksums cache (E:\AndroidProjects\sqlite\.gradle\checksums)" [_thread_blocked, id=9028, stack(0x0000000020400000,0x0000000020500000)]
  0x000000001be54000 JavaThread "Cache worker for file hash cache (C:\Users\bless\.gradle\caches\6.1.1\fileHashes)" [_thread_blocked, id=7240, stack(0x000000001dbc0000,0x000000001dcc0000)]
  0x000000001be53000 JavaThread "File lock request listener" [_thread_in_native, id=960, stack(0x000000001dac0000,0x000000001dbc0000)]
  0x000000001be27000 JavaThread "Cache worker for journal cache (C:\Users\bless\.gradle\caches\journal-1)" [_thread_blocked, id=8836, stack(0x000000001d9c0000,0x000000001dac0000)]
  0x000000001bda2800 JavaThread "Thread-9" [_thread_blocked, id=8180, stack(0x000000001d6c0000,0x000000001d7c0000)]
  0x000000001a43b000 JavaThread "Stdin handler" [_thread_blocked, id=11948, stack(0x000000001d5c0000,0x000000001d6c0000)]
  0x000000001bdf2000 JavaThread "Asynchronous log dispatcher for DefaultDaemonConnection: socket connection from /127.0.0.1:55806 to /127.0.0.1:55807" [_thread_blocked, id=432, stack(0x000000001d4c0000,0x000000001d5c0000)]
  0x000000001bd56800 JavaThread "Daemon worker" [_thread_in_vm, id=1384, stack(0x000000001d3c0000,0x000000001d4c0000)]
  0x000000001be08800 JavaThread "Cancel handler" [_thread_blocked, id=11684, stack(0x000000001d2c0000,0x000000001d3c0000)]
  0x000000001ad15000 JavaThread "Handler for socket connection from /127.0.0.1:55806 to /127.0.0.1:55807" [_thread_in_native, id=11224, stack(0x000000001cfc0000,0x000000001d0c0000)]
  0x000000001ad12000 JavaThread "Daemon" [_thread_blocked, id=6564, stack(0x000000001cec0000,0x000000001cfc0000)]
  0x000000001bcd2000 JavaThread "Daemon periodic checks" [_thread_blocked, id=9608, stack(0x000000001cdc0000,0x000000001cec0000)]
  0x000000001bcd0800 JavaThread "Incoming local TCP Connector on port 55806" [_thread_in_native, id=7360, stack(0x000000001cc10000,0x000000001cd10000)]
  0x000000001bbee000 JavaThread "Daemon health stats" [_thread_blocked, id=10352, stack(0x000000001caf0000,0x000000001cbf0000)]
  0x0000000019678000 JavaThread "Service Thread" daemon [_thread_blocked, id=7560, stack(0x0000000019f50000,0x000000001a050000)]
  0x0000000019665800 JavaThread "C1 CompilerThread2" daemon [_thread_blocked, id=2404, stack(0x0000000019e50000,0x0000000019f50000)]
=>0x000000001835d000 JavaThread "C2 CompilerThread1" daemon [_thread_in_native, id=2392, stack(0x0000000019d50000,0x0000000019e50000)]
  0x000000001830e800 JavaThread "C2 CompilerThread0" daemon [_thread_in_native, id=12164, stack(0x0000000019c50000,0x0000000019d50000)]
  0x000000001830d800 JavaThread "Attach Listener" daemon [_thread_blocked, id=4280, stack(0x0000000019b50000,0x0000000019c50000)]
  0x0000000019658800 JavaThread "Signal Dispatcher" daemon [_thread_blocked, id=9144, stack(0x0000000019a50000,0x0000000019b50000)]
  0x000000000365a000 JavaThread "Finalizer" daemon [_thread_blocked, id=888, stack(0x0000000019550000,0x0000000019650000)]
  0x0000000003651000 JavaThread "Reference Handler" daemon [_thread_blocked, id=7672, stack(0x0000000019450000,0x0000000019550000)]
  0x00000000036dd800 JavaThread "main" [_thread_blocked, id=9336, stack(0x00000000030d0000,0x00000000031d0000)]

Other Threads:
  0x00000000182c7000 VMThread [stack: 0x0000000019350000,0x0000000019450000] [id=10808]
  0x0000000019678800 WatcherThread [stack: 0x000000001a050000,0x000000001a150000] [id=1644]

VM state:not at safepoint (normal execution)

VM Mutex/Monitor currently owned by a thread: None

heap address: 0x0000000080000000, size: 2048 MB, Compressed Oops mode: 32-bit
Narrow klass base: 0x0000000000000000, Narrow klass shift: 3
Compressed class space size: 1073741824 Address: 0x0000000100000000

Heap:
 PSYoungGen      total 115712K, used 27284K [0x00000000d5580000, 0x00000000dd380000, 0x0000000100000000)
  eden space 104448K, 18% used [0x00000000d5580000,0x00000000d67f4338,0x00000000dbb80000)
  from space 11264K, 74% used [0x00000000dc680000,0x00000000dceb0e10,0x00000000dd180000)
  to   space 11264K, 0% used [0x00000000dbb80000,0x00000000dbb80000,0x00000000dc680000)
 ParOldGen       total 58880K, used 9319K [0x0000000080000000, 0x0000000083980000, 0x00000000d5580000)
  object space 58880K, 15% used [0x0000000080000000,0x0000000080919d28,0x0000000083980000)
 Metaspace       used 32744K, capacity 33656K, committed 34048K, reserved 1079296K
  class space    used 4477K, capacity 4743K, committed 4864K, reserved 1048576K

Card table byte_map: [0x0000000012aa0000,0x0000000012eb0000] byte_map_base: 0x00000000126a0000

Marking Bits: (ParMarkBitMap*) 0x000000007416f030
 Begin Bits: [0x0000000013560000, 0x0000000015560000)
 End Bits:   [0x0000000015560000, 0x0000000017560000)

Polling page: 0x00000000018d0000

CodeCache: size=245760Kb used=9941Kb max_used=9941Kb free=235818Kb
 bounds [0x00000000036e0000, 0x00000000040a0000, 0x00000000126e0000]
 total_blobs=3249 nmethods=2565 adapters=597
 compilation: enabled

Compilation events (10 events):
Event: 4.680 Thread 0x000000001830e800 nmethod 2539 0x0000000004078d90 code [0x0000000004078f20, 0x0000000004079448]
Event: 4.680 Thread 0x000000001830e800 2538       4       org.objectweb.asm.ByteVector::putShort (52 bytes)
Event: 4.682 Thread 0x000000001830e800 nmethod 2538 0x0000000004079950 code [0x0000000004079aa0, 0x0000000004079c08]
Event: 4.682 Thread 0x000000001830e800 2531       4       org.objectweb.asm.Frame::execute (2318 bytes)
Event: 4.700 Thread 0x0000000019665800 2548       3       java.lang.AbstractStringBuilder::append (54 bytes)
Event: 4.701 Thread 0x0000000019665800 nmethod 2548 0x000000000407be90 code [0x000000000407c060, 0x000000000407c968]
Event: 4.701 Thread 0x0000000019665800 2549       3       org.objectweb.asm.SymbolTable::addConstant (330 bytes)
Event: 4.703 Thread 0x0000000019665800 nmethod 2549 0x000000000407f6d0 code [0x000000000407fc00, 0x0000000004084268]
Event: 4.707 Thread 0x0000000019665800 2550       3       java.lang.Class::getConstructor (16 bytes)
Event: 4.707 Thread 0x0000000019665800 nmethod 2550 0x000000000407ba10 code [0x000000000407bba0, 0x000000000407bda8]

GC Heap History (10 events):
Event: 2.914 GC heap before
{Heap before GC invocations=5 (full 0):
 PSYoungGen      total 37888K, used 37864K [0x00000000d5580000, 0x00000000d9f80000, 0x0000000100000000)
  eden space 32768K, 100% used [0x00000000d5580000,0x00000000d7580000,0x00000000d7580000)
  from space 5120K, 99% used [0x00000000d7a80000,0x00000000d7f7a040,0x00000000d7f80000)
  to   space 5120K, 0% used [0x00000000d7580000,0x00000000d7580000,0x00000000d7a80000)
 ParOldGen       total 86016K, used 3968K [0x0000000080000000, 0x0000000085400000, 0x00000000d5580000)
  object space 86016K, 4% used [0x0000000080000000,0x00000000803e0370,0x0000000085400000)
 Metaspace       used 17986K, capacity 18566K, committed 18816K, reserved 1064960K
  class space    used 2450K, capacity 2639K, committed 2688K, reserved 1048576K
Event: 2.925 GC heap after
Heap after GC invocations=5 (full 0):
 PSYoungGen      total 37888K, used 5112K [0x00000000d5580000, 0x00000000da980000, 0x0000000100000000)
  eden space 32768K, 0% used [0x00000000d5580000,0x00000000d5580000,0x00000000d7580000)
  from space 5120K, 99% used [0x00000000d7580000,0x00000000d7a7e030,0x00000000d7a80000)
  to   space 10240K, 0% used [0x00000000d9f80000,0x00000000d9f80000,0x00000000da980000)
 ParOldGen       total 86016K, used 7456K [0x0000000080000000, 0x0000000085400000, 0x00000000d5580000)
  object space 86016K, 8% used [0x0000000080000000,0x00000000807483a8,0x0000000085400000)
 Metaspace       used 17986K, capacity 18566K, committed 18816K, reserved 1064960K
  class space    used 2450K, capacity 2639K, committed 2688K, reserved 1048576K
}
Event: 3.323 GC heap before
{Heap before GC invocations=6 (full 0):
 PSYoungGen      total 37888K, used 37182K [0x00000000d5580000, 0x00000000da980000, 0x0000000100000000)
  eden space 32768K, 97% used [0x00000000d5580000,0x00000000d74d1b48,0x00000000d7580000)
  from space 5120K, 99% used [0x00000000d7580000,0x00000000d7a7e030,0x00000000d7a80000)
  to   space 10240K, 0% used [0x00000000d9f80000,0x00000000d9f80000,0x00000000da980000)
 ParOldGen       total 86016K, used 7456K [0x0000000080000000, 0x0000000085400000, 0x00000000d5580000)
  object space 86016K, 8% used [0x0000000080000000,0x00000000807483a8,0x0000000085400000)
 Metaspace       used 20548K, capacity 21204K, committed 21248K, reserved 1067008K
  class space    used 2872K, capacity 3056K, committed 3072K, reserved 1048576K
Event: 3.332 GC heap after
Heap after GC invocations=6 (full 0):
 PSYoungGen      total 74752K, used 8521K [0x00000000d5580000, 0x00000000dab80000, 0x0000000100000000)
  eden space 64512K, 0% used [0x00000000d5580000,0x00000000d5580000,0x00000000d9480000)
  from space 10240K, 83% used [0x00000000d9f80000,0x00000000da7d27e8,0x00000000da980000)
  to   space 11264K, 0% used [0x00000000d9480000,0x00000000d9480000,0x00000000d9f80000)
 ParOldGen       total 86016K, used 7464K [0x0000000080000000, 0x0000000085400000, 0x00000000d5580000)
  object space 86016K, 8% used [0x0000000080000000,0x000000008074a3a8,0x0000000085400000)
 Metaspace       used 20548K, capacity 21204K, committed 21248K, reserved 1067008K
  class space    used 2872K, capacity 3056K, committed 3072K, reserved 1048576K
}
Event: 3.332 GC heap before
{Heap before GC invocations=7 (full 1):
 PSYoungGen      total 74752K, used 8521K [0x00000000d5580000, 0x00000000dab80000, 0x0000000100000000)
  eden space 64512K, 0% used [0x00000000d5580000,0x00000000d5580000,0x00000000d9480000)
  from space 10240K, 83% used [0x00000000d9f80000,0x00000000da7d27e8,0x00000000da980000)
  to   space 11264K, 0% used [0x00000000d9480000,0x00000000d9480000,0x00000000d9f80000)
 ParOldGen       total 86016K, used 7464K [0x0000000080000000, 0x0000000085400000, 0x00000000d5580000)
  object space 86016K, 8% used [0x0000000080000000,0x000000008074a3a8,0x0000000085400000)
 Metaspace       used 20548K, capacity 21204K, committed 21248K, reserved 1067008K
  class space    used 2872K, capacity 3056K, committed 3072K, reserved 1048576K
Event: 3.366 GC heap after
Heap after GC invocations=7 (full 1):
 PSYoungGen      total 74752K, used 0K [0x00000000d5580000, 0x00000000dab80000, 0x0000000100000000)
  eden space 64512K, 0% used [0x00000000d5580000,0x00000000d5580000,0x00000000d9480000)
  from space 10240K, 0% used [0x00000000d9f80000,0x00000000d9f80000,0x00000000da980000)
  to   space 11264K, 0% used [0x00000000d9480000,0x00000000d9480000,0x00000000d9f80000)
 ParOldGen       total 58880K, used 9303K [0x0000000080000000, 0x0000000083980000, 0x00000000d5580000)
  object space 58880K, 15% used [0x0000000080000000,0x0000000080915d28,0x0000000083980000)
 Metaspace       used 20548K, capacity 21204K, committed 21248K, reserved 1067008K
  class space    used 2872K, capacity 3056K, committed 3072K, reserved 1048576K
}
Event: 4.011 GC heap before
{Heap before GC invocations=8 (full 1):
 PSYoungGen      total 74752K, used 64512K [0x00000000d5580000, 0x00000000dab80000, 0x0000000100000000)
  eden space 64512K, 100% used [0x00000000d5580000,0x00000000d9480000,0x00000000d9480000)
  from space 10240K, 0% used [0x00000000d9f80000,0x00000000d9f80000,0x00000000da980000)
  to   space 11264K, 0% used [0x00000000d9480000,0x00000000d9480000,0x00000000d9f80000)
 ParOldGen       total 58880K, used 9303K [0x0000000080000000, 0x0000000083980000, 0x00000000d5580000)
  object space 58880K, 15% used [0x0000000080000000,0x0000000080915d28,0x0000000083980000)
 Metaspace       used 28162K, capacity 28822K, committed 29056K, reserved 1075200K
  class space    used 3886K, capacity 4097K, committed 4224K, reserved 1048576K
Event: 4.019 GC heap after
Heap after GC invocations=8 (full 1):
 PSYoungGen      total 75776K, used 7885K [0x00000000d5580000, 0x00000000dd180000, 0x0000000100000000)
  eden space 64512K, 0% used [0x00000000d5580000,0x00000000d5580000,0x00000000d9480000)
  from space 11264K, 70% used [0x00000000d9480000,0x00000000d9c335a0,0x00000000d9f80000)
  to   space 11264K, 0% used [0x00000000dc680000,0x00000000dc680000,0x00000000dd180000)
 ParOldGen       total 58880K, used 9311K [0x0000000080000000, 0x0000000083980000, 0x00000000d5580000)
  object space 58880K, 15% used [0x0000000080000000,0x0000000080917d28,0x0000000083980000)
 Metaspace       used 28162K, capacity 28822K, committed 29056K, reserved 1075200K
  class space    used 3886K, capacity 4097K, committed 4224K, reserved 1048576K
}
Event: 4.584 GC heap before
{Heap before GC invocations=9 (full 1):
 PSYoungGen      total 75776K, used 72397K [0x00000000d5580000, 0x00000000dd180000, 0x0000000100000000)
  eden space 64512K, 100% used [0x00000000d5580000,0x00000000d9480000,0x00000000d9480000)
  from space 11264K, 70% used [0x00000000d9480000,0x00000000d9c335a0,0x00000000d9f80000)
  to   space 11264K, 0% used [0x00000000dc680000,0x00000000dc680000,0x00000000dd180000)
 ParOldGen       total 58880K, used 9311K [0x0000000080000000, 0x0000000083980000, 0x00000000d5580000)
  object space 58880K, 15% used [0x0000000080000000,0x0000000080917d28,0x0000000083980000)
 Metaspace       used 32061K, capacity 32932K, committed 33152K, reserved 1077248K
  class space    used 4371K, capacity 4613K, committed 4736K, reserved 1048576K
Event: 4.599 GC heap after
Heap after GC invocations=9 (full 1):
 PSYoungGen      total 115712K, used 8387K [0x00000000d5580000, 0x00000000dd380000, 0x0000000100000000)
  eden space 104448K, 0% used [0x00000000d5580000,0x00000000d5580000,0x00000000dbb80000)
  from space 11264K, 74% used [0x00000000dc680000,0x00000000dceb0e10,0x00000000dd180000)
  to   space 11264K, 0% used [0x00000000dbb80000,0x00000000dbb80000,0x00000000dc680000)
 ParOldGen       total 58880K, used 9319K [0x0000000080000000, 0x0000000083980000, 0x00000000d5580000)
  object space 58880K, 15% used [0x0000000080000000,0x0000000080919d28,0x0000000083980000)
 Metaspace       used 32061K, capacity 32932K, committed 33152K, reserved 1077248K
  class space    used 4371K, capacity 4613K, committed 4736K, reserved 1048576K
}

Deoptimization events (10 events):
Event: 4.010 Thread 0x000000001bd56800 Uncommon trap: reason=unstable_if action=reinterpret pc=0x0000000003dcca30 method=java.lang.String.regionMatches(ZILjava/lang/String;II)Z @ 41
Event: 4.021 Thread 0x000000001bd56800 Uncommon trap: reason=unstable_if action=reinterpret pc=0x0000000003cea70c method=java.lang.ClassLoader.getClassLoadingLock(Ljava/lang/String;)Ljava/lang/Object; @ 6
Event: 4.041 Thread 0x000000001bd56800 Uncommon trap: reason=class_check action=maybe_recompile pc=0x0000000003e014e4 method=sun.misc.URLClassPath.getLoader(I)Lsun/misc/URLClassPath$Loader; @ 239
Event: 4.041 Thread 0x000000001bd56800 Uncommon trap: reason=unstable_if action=reinterpret pc=0x0000000003bdbc38 method=java.lang.String.regionMatches(ZILjava/lang/String;II)Z @ 41
Event: 4.051 Thread 0x000000001bd56800 Uncommon trap: reason=class_check action=maybe_recompile pc=0x0000000003e014e4 method=sun.misc.URLClassPath.getLoader(I)Lsun/misc/URLClassPath$Loader; @ 239
Event: 4.239 Thread 0x000000001bd56800 Uncommon trap: reason=unstable_if action=reinterpret pc=0x000000000394088c method=java.util.HashMap.getNode(ILjava/lang/Object;)Ljava/util/HashMap$Node; @ 53
Event: 4.239 Thread 0x000000001bd56800 Uncommon trap: reason=unstable_if action=reinterpret pc=0x0000000003caa6b4 method=java.util.HashMap.hash(Ljava/lang/Object;)I @ 1
Event: 4.313 Thread 0x000000001bd56800 Uncommon trap: reason=unstable_if action=reinterpret pc=0x0000000003f9ed78 method=org.gradle.internal.reflect.PropertyAccessorType.isGetGetterName(Ljava/lang/String;)Z @ 14
Event: 4.343 Thread 0x000000001bd56800 Uncommon trap: reason=unstable_if action=reinterpret pc=0x0000000003e35200 method=org.objectweb.asm.ByteVector.putShort(I)Lorg/objectweb/asm/ByteVector; @ 13
Event: 4.423 Thread 0x000000001bd56800 Uncommon trap: reason=class_check action=maybe_recompile pc=0x0000000003e00ac8 method=sun.misc.URLClassPath.getLoader(I)Lsun/misc/URLClassPath$Loader; @ 94

Classes redefined (0 events):
No events

Internal exceptions (10 events):
Event: 4.606 Thread 0x000000001bd56800 Exception <a 'java/lang/ClassNotFoundException': org/gradle/api/internal/artifacts/repositories/DefaultMavenArtifactRepository_DecoratedBeanInfo> (0x00000000d56231f0) thrown at [C:\src\AOSP-openjdk-git\hotspot\src\share\vm\classfile\systemDictionary.cpp, 
Event: 4.607 Thread 0x000000001bd56800 Exception <a 'java/lang/ClassNotFoundException': org/gradle/api/internal/artifacts/repositories/DefaultMavenArtifactRepositoryBeanInfo> (0x00000000d5681d80) thrown at [C:\src\AOSP-openjdk-git\hotspot\src\share\vm\classfile\systemDictionary.cpp, line 210]
Event: 4.608 Thread 0x000000001bd56800 Exception <a 'java/lang/ClassNotFoundException': org/gradle/api/internal/artifacts/repositories/AbstractAuthenticationSupportedRepositoryBeanInfo> (0x00000000d56e9078) thrown at [C:\src\AOSP-openjdk-git\hotspot\src\share\vm\classfile\systemDictionary.cpp,
Event: 4.609 Thread 0x000000001bd56800 Exception <a 'java/lang/ClassNotFoundException': org/gradle/api/internal/artifacts/repositories/AbstractResolutionAwareArtifactRepositoryBeanInfo> (0x00000000d5750a78) thrown at [C:\src\AOSP-openjdk-git\hotspot\src\share\vm\classfile\systemDictionary.cpp,
Event: 4.610 Thread 0x000000001bd56800 Exception <a 'java/lang/ClassNotFoundException': org/gradle/api/internal/artifacts/repositories/AbstractArtifactRepositoryBeanInfo> (0x00000000d57ab588) thrown at [C:\src\AOSP-openjdk-git\hotspot\src\share\vm\classfile\systemDictionary.cpp, line 210]
Event: 4.611 Thread 0x000000001bd56800 Exception <a 'java/lang/ClassNotFoundException': org/gradle/api/internal/artifacts/repositories/AbstractArtifactRepositoryCustomizer> (0x00000000d58090f0) thrown at [C:\src\AOSP-openjdk-git\hotspot\src\share\vm\classfile\systemDictionary.cpp, line 210]
Event: 4.615 Thread 0x000000001bd56800 Exception <a 'java/lang/ClassNotFoundException': org/gradle/api/internal/artifacts/repositories/AbstractResolutionAwareArtifactRepositoryCustomizer> (0x00000000d58937a8) thrown at [C:\src\AOSP-openjdk-git\hotspot\src\share\vm\classfile\systemDictionary.cp
Event: 4.616 Thread 0x000000001bd56800 Exception <a 'java/lang/ClassNotFoundException': org/gradle/api/internal/artifacts/repositories/AbstractAuthenticationSupportedRepositoryCustomizer> (0x00000000d5905480) thrown at [C:\src\AOSP-openjdk-git\hotspot\src\share\vm\classfile\systemDictionary.cp
Event: 4.619 Thread 0x000000001bd56800 Exception <a 'java/lang/ClassNotFoundException': org/gradle/api/internal/artifacts/repositories/DefaultMavenArtifactRepositoryCustomizer> (0x00000000d597a870) thrown at [C:\src\AOSP-openjdk-git\hotspot\src\share\vm\classfile\systemDictionary.cpp, line 210
Event: 4.623 Thread 0x000000001bd56800 Exception <a 'java/lang/ClassNotFoundException': org/gradle/api/internal/artifacts/repositories/DefaultMavenArtifactRepository_DecoratedCustomizer> (0x00000000d59fefd8) thrown at [C:\src\AOSP-openjdk-git\hotspot\src\share\vm\classfile\systemDictionary.cpp

Events (10 events):
Event: 4.701 loading class org/gradle/api/internal/artifacts/dsl/dependencies/DefaultDependencyConstraintHandler$DependencyConstraintAdder
Event: 4.701 loading class org/gradle/api/internal/artifacts/dsl/dependencies/DefaultDependencyConstraintHandler$DependencyConstraintAdder done
Event: 4.702 loading class org/gradle/api/internal/artifacts/query/DefaultArtifactResolutionQueryFactory
Event: 4.702 loading class org/gradle/api/internal/artifacts/query/DefaultArtifactResolutionQueryFactory done
Event: 4.703 loading class org/gradle/api/artifacts/query/ArtifactResolutionQuery
Event: 4.703 loading class org/gradle/api/artifacts/query/ArtifactResolutionQuery done
Event: 4.704 loading class org/gradle/api/internal/artifacts/dsl/dependencies/DefaultDependencyHandler
Event: 4.704 loading class org/gradle/api/internal/artifacts/dsl/dependencies/DefaultDependencyHandler done
Event: 4.706 loading class org/gradle/api/artifacts/ModuleDependencyCapabilitiesHandler
Event: 4.706 loading class org/gradle/api/artifacts/ModuleDependencyCapabilitiesHandler done


Dynamic libraries:
0x00007ff7bfb90000 - 0x00007ff7bfbc1000 	E:\Android Studio\jre\bin\java.exe
0x00007ffe28640000 - 0x00007ffe28830000 	C:\WINDOWS\SYSTEM32\ntdll.dll
0x00007ffe28400000 - 0x00007ffe284b2000 	C:\WINDOWS\System32\KERNEL32.DLL
0x00007ffe25a10000 - 0x00007ffe25cb4000 	C:\WINDOWS\System32\KERNELBASE.dll
0x00007ffe26840000 - 0x00007ffe268e3000 	C:\WINDOWS\System32\ADVAPI32.dll
0x00007ffe26f40000 - 0x00007ffe26fde000 	C:\WINDOWS\System32\msvcrt.dll
0x00007ffe27ec0000 - 0x00007ffe27f57000 	C:\WINDOWS\System32\sechost.dll
0x00007ffe27d90000 - 0x00007ffe27eb0000 	C:\WINDOWS\System32\RPCRT4.dll
0x00007ffe28090000 - 0x00007ffe28224000 	C:\WINDOWS\System32\USER32.dll
0x00007ffe26740000 - 0x00007ffe26761000 	C:\WINDOWS\System32\win32u.dll
0x00007ffe28060000 - 0x00007ffe28086000 	C:\WINDOWS\System32\GDI32.dll
0x00007ffe25670000 - 0x00007ffe25805000 	C:\WINDOWS\System32\gdi32full.dll
0x00007ffe266a0000 - 0x00007ffe2673e000 	C:\WINDOWS\System32\msvcp_win.dll
0x00007ffe265a0000 - 0x00007ffe2669a000 	C:\WINDOWS\System32\ucrtbase.dll
0x00007ffe230a0000 - 0x00007ffe23324000 	C:\WINDOWS\WinSxS\amd64_microsoft.windows.common-controls_6595b64144ccf1df_6.0.18362.900_none_e6beb9d913147d17\COMCTL32.dll
0x00007ffe27a40000 - 0x00007ffe27d75000 	C:\WINDOWS\System32\combase.dll
0x00007ffe264d0000 - 0x00007ffe26550000 	C:\WINDOWS\System32\bcryptPrimitives.dll
0x00007ffe27040000 - 0x00007ffe2706e000 	C:\WINDOWS\System32\IMM32.DLL
0x00000000738c0000 - 0x0000000073992000 	E:\Android Studio\jre\jre\bin\msvcr100.dll
0x00000000739a0000 - 0x00000000741eb000 	E:\Android Studio\jre\jre\bin\server\jvm.dll
0x00007ffe27eb0000 - 0x00007ffe27eb8000 	C:\WINDOWS\System32\PSAPI.DLL
0x00007ffe21910000 - 0x00007ffe21934000 	C:\WINDOWS\SYSTEM32\WINMM.dll
0x00007ffe21940000 - 0x00007ffe21949000 	C:\WINDOWS\SYSTEM32\WSOCK32.dll
0x00007ffe25320000 - 0x00007ffe2532a000 	C:\WINDOWS\SYSTEM32\VERSION.dll
0x00007ffe28390000 - 0x00007ffe283ff000 	C:\WINDOWS\System32\WS2_32.dll
0x00007ffe218e0000 - 0x00007ffe2190d000 	C:\WINDOWS\SYSTEM32\winmmbase.dll
0x00007ffe26550000 - 0x00007ffe2659a000 	C:\WINDOWS\System32\cfgmgr32.dll
0x00007ffe215e0000 - 0x00007ffe215ef000 	E:\Android Studio\jre\jre\bin\verify.dll
0x00007ffe1f110000 - 0x00007ffe1f139000 	E:\Android Studio\jre\jre\bin\java.dll
0x00007ffe1f0f0000 - 0x00007ffe1f106000 	E:\Android Studio\jre\jre\bin\zip.dll
0x00007ffe27070000 - 0x00007ffe27756000 	C:\WINDOWS\System32\SHELL32.dll
0x00007ffe27760000 - 0x00007ffe27809000 	C:\WINDOWS\System32\shcore.dll
0x00007ffe25cc0000 - 0x00007ffe26440000 	C:\WINDOWS\System32\windows.storage.dll
0x00007ffe25600000 - 0x00007ffe25623000 	C:\WINDOWS\System32\profapi.dll
0x00007ffe255b0000 - 0x00007ffe255fa000 	C:\WINDOWS\System32\powrprof.dll
0x00007ffe25580000 - 0x00007ffe25590000 	C:\WINDOWS\System32\UMPDC.dll
0x00007ffe26fe0000 - 0x00007ffe27032000 	C:\WINDOWS\System32\shlwapi.dll
0x00007ffe25590000 - 0x00007ffe255a1000 	C:\WINDOWS\System32\kernel.appcore.dll
0x00007ffe25650000 - 0x00007ffe25667000 	C:\WINDOWS\System32\cryptsp.dll
0x00007ffe1f0d0000 - 0x00007ffe1f0ea000 	E:\Android Studio\jre\jre\bin\net.dll
0x00007ffe248c0000 - 0x00007ffe24927000 	C:\WINDOWS\system32\mswsock.dll
0x00007ffe1f0b0000 - 0x00007ffe1f0c3000 	E:\Android Studio\jre\jre\bin\nio.dll
0x00007ffe147a0000 - 0x00007ffe147c6000 	C:\Users\bless\.gradle\native\31\windows-amd64\native-platform.dll
0x00007ffe215d0000 - 0x00007ffe215dd000 	E:\Android Studio\jre\jre\bin\management.dll
0x00007ffe24440000 - 0x00007ffe24473000 	C:\WINDOWS\system32\rsaenh.dll
0x00007ffe264a0000 - 0x00007ffe264c6000 	C:\WINDOWS\System32\bcrypt.dll
0x00007ffe25470000 - 0x00007ffe25495000 	C:\WINDOWS\SYSTEM32\USERENV.dll
0x00007ffe24b50000 - 0x00007ffe24b5c000 	C:\WINDOWS\SYSTEM32\CRYPTBASE.dll
0x00007ffe245e0000 - 0x00007ffe2461a000 	C:\WINDOWS\SYSTEM32\IPHLPAPI.DLL
0x00007ffe27a30000 - 0x00007ffe27a38000 	C:\WINDOWS\System32\NSI.dll
0x00007ffe19aa0000 - 0x00007ffe19ab6000 	C:\WINDOWS\SYSTEM32\dhcpcsvc6.DLL
0x00007ffe19c20000 - 0x00007ffe19c3c000 	C:\WINDOWS\SYSTEM32\dhcpcsvc.DLL
0x00007ffe24620000 - 0x00007ffe246eb000 	C:\WINDOWS\SYSTEM32\DNSAPI.dll
0x00007ffe25030000 - 0x00007ffe25224000 	C:\WINDOWS\SYSTEM32\dbghelp.dll

VM Arguments:
jvm_args: -Xmx2048m -Dfile.encoding=GBK -Duser.country=CN -Duser.language=zh -Duser.variant 
java_command: org.gradle.launcher.daemon.bootstrap.GradleDaemon 6.1.1
java_class_path (initial): C:\Users\bless\.gradle\wrapper\dists\gradle-6.1.1-all\cfmwm155h49vnt3hynmlrsdst\gradle-6.1.1\lib\gradle-launcher-6.1.1.jar
Launcher Type: SUN_STANDARD

Environment Variables:
JAVA_HOME=E:\java\jdk1.8.0_251
CLASSPATH=.;E:\java\jdk1.8.0_251\lib\dt.jar;E:\java\jdk1.8.0_251\lib\tools.jar;
PATH=C:\Program Files (x86)\Common Files\Oracle\Java\javapath;E:\Python\Scripts\;E:\Python\;C:\Program Files (x86)\Intel\Intel(R) Management Engine Components\iCLS\;C:\Program Files\Intel\Intel(R) Management Engine Components\iCLS\;C:\WINDOWS\system32;C:\WINDOWS;C:\WINDOWS\System32\Wbem;C:\WINDOWS\System32\WindowsPowerShell\v1.0\;C:\WINDOWS\System32\OpenSSH\;E:\java\jdk1.8.0_251\bin;E:\java\jdk1.8.0_251\jre\bin;E:\Android_SDK_Manager\platform-tools;E:\Android_SDK_Manager\tools;E:\Git\cmd;C:\Program Files (x86)\Intel\Intel(R) Management Engine Components\DAL;C:\Program Files\Intel\Intel(R) Management Engine Components\DAL;C:\Program Files (x86)\Intel\Intel(R) Management Engine Components\IPT;C:\Program Files\Intel\Intel(R) Management Engine Components\IPT;E:\sdk-tools\platform-tools;E:\Python\Scripts\;E:\Python\;F:\Bandizip\;C:\Users\bless\AppData\Local\Microsoft\WindowsApps;;E:\Microsoft VS Code\bin;E:\PyCharm Community Edition 2020.1.1\bin;
USERNAME=bless
OS=Windows_NT
PROCESSOR_IDENTIFIER=Intel64 Family 6 Model 142 Stepping 9, GenuineIntel



---------------  S Y S T E M  ---------------

OS: Windows 10.0 , 64 bit Build 18362 (10.0.18362.900)

CPU:total 4 (initial active 4) (2 cores per cpu, 2 threads per core) family 6 model 142 stepping 9, cmov, cx8, fxsr, mmx, sse, sse2, sse3, ssse3, sse4.1, sse4.2, popcnt, avx, avx2, aes, clmul, erms, 3dnowpref, lzcnt, ht, tsc, tscinvbit, bmi1, bmi2, adx

Memory: 4k page, physical 8193548k(2830688k free), swap 11208204k(4946972k free)

vm_info: OpenJDK 64-Bit Server VM (25.242-b01) for windows-amd64 JRE (1.8.0_242-release-1644-b01), built by "builder" with MS VC++ 10.0 (VS2010)

time: Sun Jun 28 04:17:00 2020
timezone: 中国标准时间
elapsed time: 4 seconds (0d 0h 0m 4s)

