#
# A fatal error has been detected by the Java Runtime Environment:
#
#  EXCEPTION_ACCESS_VIOLATION (0xc0000005) at pc=0x0000000073dd7a8c, pid=10268, tid=0x00000000000012bc
#
# JRE version: OpenJDK Runtime Environment (8.0_242-b01) (build 1.8.0_242-release-1644-b01)
# Java VM: OpenJDK 64-Bit Server VM (25.242-b01 mixed mode windows-amd64 compressed oops)
# Problematic frame:
# V  [jvm.dll+0x437a8c]
#
# Failed to write core dump. Minidumps are not enabled by default on client versions of Windows
#
# If you would like to submit a bug report, please visit:
#   
#

---------------  T H R E A D  ---------------

Current thread (0x00000000182ca000):  JavaThread "C2 CompilerThread0" daemon [_thread_in_native, id=4796, stack(0x0000000019be0000,0x0000000019ce0000)]

siginfo: ExceptionCode=0xc0000005, reading address 0x000000001dc7c0a8

Registers:
RAX=0x000000001dc7c0a8, RBX=0x00000000239831e0, RCX=0x0000000020f19480, RDX=0x0000000000000001
RSP=0x0000000019cdc560, RBP=0x000000001dc7c0a8, RSI=0x0000000020f19480, RDI=0x000000001e666f60
R8 =0x00000000ffffffff, R9 =0x0000000000000001, R10=0x000000000000005a, R11=0x0000000000000041
R12=0x0000000019cdc970, R13=0x0000000020f6ef30, R14=0x0000000000000008, R15=0x0000000000000001
RIP=0x0000000073dd7a8c, EFLAGS=0x0000000000010202

Top of Stack: (sp=0x0000000019cdc560)
0x0000000019cdc560:   0000000023910b60 000000001e645c50
0x0000000019cdc570:   00000000000003e7 ffffffffffffffff
0x0000000019cdc580:   0000000200000197 000000001e666f60
0x0000000019cdc590:   0000000000000010 0000000000000197
0x0000000019cdc5a0:   0000000000000000 0000000000000000
0x0000000019cdc5b0:   0000000019cdc680 00000000000003d8
0x0000000019cdc5c0:   000000001bc26328 000000001bc25f50
0x0000000019cdc5d0:   0000000019cdc700 0000000000000000
0x0000000019cdc5e0:   0000000019cdc970 000000001bc25f40
0x0000000019cdc5f0:   0000000000000000 0000000073ddabe4
0x0000000019cdc600:   0000000019cdc970 0000000019cdc701
0x0000000019cdc610:   00000000ffffffff 0000000000000002
0x0000000019cdc620:   0000000000000006 000000001bc25f40
0x0000000019cdc630:   000000001e7f7d30 000000001e7fc868
0x0000000019cdc640:   000000001e7ffd18 0000000000c93278
0x0000000019cdc650:   0000000000000006 000000001bc26b10 

Instructions: (pc=0x0000000073dd7a8c)
0x0000000073dd7a6c:   ce 49 8b 14 0e 49 8b 4c 24 48 44 8b 42 28 48 8b
0x0000000073dd7a7c:   51 68 4a 8b 0c c2 f3 0f 10 41 08 0f 2f c1 77 3b
0x0000000073dd7a8c:   8b 00 21 43 38 8b 45 04 21 43 3c 8b 45 08 21 43
0x0000000073dd7a9c:   40 8b 45 0c 21 43 44 8b 45 10 21 43 48 8b 45 14 


Register to memory mapping:

RAX=0x000000001dc7c0a8 is an unknown value
RBX=0x00000000239831e0 is an unknown value
RCX=0x0000000020f19480 is an unknown value
RDX=0x0000000000000001 is an unknown value
RSP=0x0000000019cdc560 is pointing into the stack for thread: 0x00000000182ca000
RBP=0x000000001dc7c0a8 is an unknown value
RSI=0x0000000020f19480 is an unknown value
RDI=0x000000001e666f60 is an unknown value
R8 =0x00000000ffffffff is an unallocated location in the heap
R9 =0x0000000000000001 is an unknown value
R10=0x000000000000005a is an unknown value
R11=0x0000000000000041 is an unknown value
R12=0x0000000019cdc970 is pointing into the stack for thread: 0x00000000182ca000
R13=0x0000000020f6ef30 is an unknown value
R14=0x0000000000000008 is an unknown value
R15=0x0000000000000001 is an unknown value


Stack: [0x0000000019be0000,0x0000000019ce0000],  sp=0x0000000019cdc560,  free space=1009k
Native frames: (J=compiled Java code, j=interpreted, Vv=VM code, C=native code)
V  [jvm.dll+0x437a8c]
V  [jvm.dll+0x43abe4]
V  [jvm.dll+0x4456ab]
V  [jvm.dll+0x447fa8]
V  [jvm.dll+0x42b072]
V  [jvm.dll+0x8230f]
V  [jvm.dll+0x82c7f]
V  [jvm.dll+0x220b7f]
V  [jvm.dll+0x27276a]
C  [msvcr100.dll+0x21d9f]
C  [msvcr100.dll+0x21e3b]
C  [KERNEL32.DLL+0x17bd4]
C  [ntdll.dll+0x6ce51]


Current CompileTask:
C2:   4808 2197   !   4       java.net.URLClassLoader$1::run (63 bytes)


---------------  P R O C E S S  ---------------

Java Threads: ( => current thread )
  0x000000001bc45800 JavaThread "Cache worker for execution history cache (C:\Users\bless\.gradle\caches\6.1.1\executionHistory)" [_thread_blocked, id=9352, stack(0x0000000021870000,0x0000000021970000)]
  0x000000001bc44000 JavaThread "Cache worker for cache directory md-rule (C:\Users\bless\.gradle\caches\6.1.1\md-rule)" [_thread_blocked, id=12032, stack(0x00000000206b0000,0x00000000207b0000)]
  0x000000001bc46800 JavaThread "Cache worker for cache directory md-supplier (C:\Users\bless\.gradle\caches\6.1.1\md-supplier)" [_thread_blocked, id=8352, stack(0x00000000200f0000,0x00000000201f0000)]
  0x000000001bc40800 JavaThread "Cache worker for file hash cache (E:\AndroidProjects\sqlite\.gradle\6.1.1\fileHashes)" [_thread_blocked, id=1128, stack(0x00000000203b0000,0x00000000204b0000)]
  0x000000001bc47000 JavaThread "Cache worker for checksums cache (E:\AndroidProjects\sqlite\.gradle\checksums)" [_thread_blocked, id=9332, stack(0x00000000202b0000,0x00000000203b0000)]
  0x000000001bc45000 JavaThread "Cache worker for file hash cache (C:\Users\bless\.gradle\caches\6.1.1\fileHashes)" [_thread_blocked, id=8096, stack(0x000000001db50000,0x000000001dc50000)]
  0x000000001bc42800 JavaThread "File lock request listener" [_thread_in_native, id=11976, stack(0x000000001da50000,0x000000001db50000)]
  0x000000001bc79000 JavaThread "Cache worker for journal cache (C:\Users\bless\.gradle\caches\journal-1)" [_thread_blocked, id=9500, stack(0x000000001d950000,0x000000001da50000)]
  0x000000001b336000 JavaThread "Thread-9" [_thread_blocked, id=1904, stack(0x000000001d650000,0x000000001d750000)]
  0x000000001bbd3000 JavaThread "Stdin handler" [_thread_blocked, id=5356, stack(0x000000001d550000,0x000000001d650000)]
  0x000000001bbd5800 JavaThread "Asynchronous log dispatcher for DefaultDaemonConnection: socket connection from /127.0.0.1:55814 to /127.0.0.1:55815" [_thread_blocked, id=11780, stack(0x000000001d450000,0x000000001d550000)]
  0x000000001bbd5000 JavaThread "Daemon worker" [_thread_in_Java, id=5236, stack(0x000000001d350000,0x000000001d450000)]
  0x000000001bcdb800 JavaThread "Cancel handler" [_thread_blocked, id=3700, stack(0x000000001d250000,0x000000001d350000)]
  0x000000001bb85800 JavaThread "Handler for socket connection from /127.0.0.1:55814 to /127.0.0.1:55815" [_thread_in_native, id=8464, stack(0x000000001cf50000,0x000000001d050000)]
  0x000000001bb2b800 JavaThread "Daemon" [_thread_blocked, id=1300, stack(0x000000001ce50000,0x000000001cf50000)]
  0x000000001bb29800 JavaThread "Daemon periodic checks" [_thread_blocked, id=980, stack(0x000000001cd50000,0x000000001ce50000)]
  0x000000001bb12800 JavaThread "Incoming local TCP Connector on port 55814" [_thread_in_native, id=11472, stack(0x000000001cba0000,0x000000001cca0000)]
  0x00000000196dd000 JavaThread "Daemon health stats" [_thread_blocked, id=3636, stack(0x000000001ca80000,0x000000001cb80000)]
  0x000000001966f800 JavaThread "Service Thread" daemon [_thread_blocked, id=6596, stack(0x0000000019ee0000,0x0000000019fe0000)]
  0x00000000195f7000 JavaThread "C1 CompilerThread2" daemon [_thread_in_native, id=3392, stack(0x0000000019de0000,0x0000000019ee0000)]
  0x00000000195f1800 JavaThread "C2 CompilerThread1" daemon [_thread_in_native, id=11084, stack(0x0000000019ce0000,0x0000000019de0000)]
=>0x00000000182ca000 JavaThread "C2 CompilerThread0" daemon [_thread_in_native, id=4796, stack(0x0000000019be0000,0x0000000019ce0000)]
  0x000000001827d800 JavaThread "Attach Listener" daemon [_thread_blocked, id=6476, stack(0x0000000019ae0000,0x0000000019be0000)]
  0x00000000195e8800 JavaThread "Signal Dispatcher" daemon [_thread_blocked, id=4584, stack(0x00000000199e0000,0x0000000019ae0000)]
  0x000000000364a000 JavaThread "Finalizer" daemon [_thread_blocked, id=8884, stack(0x00000000194e0000,0x00000000195e0000)]
  0x0000000003641000 JavaThread "Reference Handler" daemon [_thread_blocked, id=7824, stack(0x00000000193e0000,0x00000000194e0000)]
  0x000000000148d800 JavaThread "main" [_thread_blocked, id=5352, stack(0x0000000003450000,0x0000000003550000)]

Other Threads:
  0x0000000018236800 VMThread [stack: 0x00000000192e0000,0x00000000193e0000] [id=176]
  0x0000000019649000 WatcherThread [stack: 0x0000000019fe0000,0x000000001a0e0000] [id=8720]

VM state:not at safepoint (normal execution)

VM Mutex/Monitor currently owned by a thread: None

heap address: 0x0000000080000000, size: 2048 MB, Compressed Oops mode: 32-bit
Narrow klass base: 0x0000000000000000, Narrow klass shift: 3
Compressed class space size: 1073741824 Address: 0x0000000100000000

Heap:
 PSYoungGen      total 75776K, used 55241K [0x00000000d5580000, 0x00000000dd180000, 0x0000000100000000)
  eden space 64512K, 73% used [0x00000000d5580000,0x00000000d83acbc8,0x00000000d9480000)
  from space 11264K, 70% used [0x00000000d9480000,0x00000000d9c45b70,0x00000000d9f80000)
  to   space 11264K, 0% used [0x00000000dc680000,0x00000000dc680000,0x00000000dd180000)
 ParOldGen       total 58880K, used 9351K [0x0000000080000000, 0x0000000083980000, 0x00000000d5580000)
  object space 58880K, 15% used [0x0000000080000000,0x0000000080921f98,0x0000000083980000)
 Metaspace       used 31492K, capacity 32294K, committed 32512K, reserved 1077248K
  class space    used 4286K, capacity 4508K, committed 4608K, reserved 1048576K

Card table byte_map: [0x0000000012a10000,0x0000000012e20000] byte_map_base: 0x0000000012610000

Marking Bits: (ParMarkBitMap*) 0x000000007416f030
 Begin Bits: [0x00000000134d0000, 0x00000000154d0000)
 End Bits:   [0x00000000154d0000, 0x00000000174d0000)

Polling page: 0x0000000001470000

CodeCache: size=245760Kb used=9418Kb max_used=9418Kb free=236341Kb
 bounds [0x0000000003650000, 0x0000000003f90000, 0x0000000012650000]
 total_blobs=3081 nmethods=2398 adapters=596
 compilation: enabled

Compilation events (10 events):
Event: 4.762 Thread 0x00000000195f7000 2390       3       org.objectweb.asm.Label::addLineNumber (89 bytes)
Event: 4.763 Thread 0x00000000195f7000 nmethod 2390 0x0000000003f696d0 code [0x0000000003f69860, 0x0000000003f69d08]
Event: 4.763 Thread 0x00000000195f7000 2391       3       org.objectweb.asm.MethodWriter::visitLineNumber (50 bytes)
Event: 4.763 Thread 0x00000000195f7000 nmethod 2391 0x0000000003f69ed0 code [0x0000000003f6a060, 0x0000000003f6a498]
Event: 4.769 Thread 0x00000000195f7000 2392       1       com.google.common.cache.LocalCache$2::poll (2 bytes)
Event: 4.769 Thread 0x00000000195f7000 nmethod 2392 0x0000000003f6a690 code [0x0000000003f6a7e0, 0x0000000003f6a8f0]
Event: 4.775 Thread 0x00000000195f7000 2393       3       com.google.common.collect.CollectPreconditions::checkNonnegative (37 bytes)
Event: 4.776 Thread 0x00000000195f7000 nmethod 2393 0x0000000003f6a950 code [0x0000000003f6ab40, 0x0000000003f6b468]
Event: 4.776 Thread 0x00000000195f7000 2394       3       java.io.WinNTFileSystem::resolve (231 bytes)
Event: 4.777 Thread 0x00000000195f7000 nmethod 2394 0x0000000003f6b890 code [0x0000000003f6bb60, 0x0000000003f6d548]

GC Heap History (10 events):
Event: 2.866 GC heap before
{Heap before GC invocations=4 (full 0):
 PSYoungGen      total 37888K, used 37864K [0x00000000d5580000, 0x00000000d7f80000, 0x0000000100000000)
  eden space 32768K, 100% used [0x00000000d5580000,0x00000000d7580000,0x00000000d7580000)
  from space 5120K, 99% used [0x00000000d7580000,0x00000000d7a7a020,0x00000000d7a80000)
  to   space 5120K, 0% used [0x00000000d7a80000,0x00000000d7a80000,0x00000000d7f80000)
 ParOldGen       total 86016K, used 1368K [0x0000000080000000, 0x0000000085400000, 0x00000000d5580000)
  object space 86016K, 1% used [0x0000000080000000,0x0000000080156120,0x0000000085400000)
 Metaspace       used 15214K, capacity 15736K, committed 16128K, reserved 1062912K
  class space    used 2013K, capacity 2190K, committed 2304K, reserved 1048576K
Event: 2.875 GC heap after
Heap after GC invocations=4 (full 0):
 PSYoungGen      total 37888K, used 5096K [0x00000000d5580000, 0x00000000d9f80000, 0x0000000100000000)
  eden space 32768K, 0% used [0x00000000d5580000,0x00000000d5580000,0x00000000d7580000)
  from space 5120K, 99% used [0x00000000d7a80000,0x00000000d7f7a020,0x00000000d7f80000)
  to   space 5120K, 0% used [0x00000000d7580000,0x00000000d7580000,0x00000000d7a80000)
 ParOldGen       total 86016K, used 3929K [0x0000000080000000, 0x0000000085400000, 0x00000000d5580000)
  object space 86016K, 4% used [0x0000000080000000,0x00000000803d6488,0x0000000085400000)
 Metaspace       used 15214K, capacity 15736K, committed 16128K, reserved 1062912K
  class space    used 2013K, capacity 2190K, committed 2304K, reserved 1048576K
}
Event: 3.188 GC heap before
{Heap before GC invocations=5 (full 0):
 PSYoungGen      total 37888K, used 37864K [0x00000000d5580000, 0x00000000d9f80000, 0x0000000100000000)
  eden space 32768K, 100% used [0x00000000d5580000,0x00000000d7580000,0x00000000d7580000)
  from space 5120K, 99% used [0x00000000d7a80000,0x00000000d7f7a020,0x00000000d7f80000)
  to   space 5120K, 0% used [0x00000000d7580000,0x00000000d7580000,0x00000000d7a80000)
 ParOldGen       total 86016K, used 3929K [0x0000000080000000, 0x0000000085400000, 0x00000000d5580000)
  object space 86016K, 4% used [0x0000000080000000,0x00000000803d6488,0x0000000085400000)
 Metaspace       used 17963K, capacity 18502K, committed 18816K, reserved 1064960K
  class space    used 2443K, capacity 2639K, committed 2688K, reserved 1048576K
Event: 3.199 GC heap after
Heap after GC invocations=5 (full 0):
 PSYoungGen      total 37888K, used 5096K [0x00000000d5580000, 0x00000000da980000, 0x0000000100000000)
  eden space 32768K, 0% used [0x00000000d5580000,0x00000000d5580000,0x00000000d7580000)
  from space 5120K, 99% used [0x00000000d7580000,0x00000000d7a7a020,0x00000000d7a80000)
  to   space 10240K, 0% used [0x00000000d9f80000,0x00000000d9f80000,0x00000000da980000)
 ParOldGen       total 86016K, used 7435K [0x0000000080000000, 0x0000000085400000, 0x00000000d5580000)
  object space 86016K, 8% used [0x0000000080000000,0x0000000080742e28,0x0000000085400000)
 Metaspace       used 17963K, capacity 18502K, committed 18816K, reserved 1064960K
  class space    used 2443K, capacity 2639K, committed 2688K, reserved 1048576K
}
Event: 3.596 GC heap before
{Heap before GC invocations=6 (full 0):
 PSYoungGen      total 37888K, used 37666K [0x00000000d5580000, 0x00000000da980000, 0x0000000100000000)
  eden space 32768K, 99% used [0x00000000d5580000,0x00000000d754eb30,0x00000000d7580000)
  from space 5120K, 99% used [0x00000000d7580000,0x00000000d7a7a020,0x00000000d7a80000)
  to   space 10240K, 0% used [0x00000000d9f80000,0x00000000d9f80000,0x00000000da980000)
 ParOldGen       total 86016K, used 7435K [0x0000000080000000, 0x0000000085400000, 0x00000000d5580000)
  object space 86016K, 8% used [0x0000000080000000,0x0000000080742e28,0x0000000085400000)
 Metaspace       used 20559K, capacity 21208K, committed 21248K, reserved 1067008K
  class space    used 2871K, capacity 3056K, committed 3072K, reserved 1048576K
Event: 3.606 GC heap after
Heap after GC invocations=6 (full 0):
 PSYoungGen      total 74752K, used 8537K [0x00000000d5580000, 0x00000000dab80000, 0x0000000100000000)
  eden space 64512K, 0% used [0x00000000d5580000,0x00000000d5580000,0x00000000d9480000)
  from space 10240K, 83% used [0x00000000d9f80000,0x00000000da7d6538,0x00000000da980000)
  to   space 11264K, 0% used [0x00000000d9480000,0x00000000d9480000,0x00000000d9f80000)
 ParOldGen       total 86016K, used 7443K [0x0000000080000000, 0x0000000085400000, 0x00000000d5580000)
  object space 86016K, 8% used [0x0000000080000000,0x0000000080744e28,0x0000000085400000)
 Metaspace       used 20559K, capacity 21208K, committed 21248K, reserved 1067008K
  class space    used 2871K, capacity 3056K, committed 3072K, reserved 1048576K
}
Event: 3.606 GC heap before
{Heap before GC invocations=7 (full 1):
 PSYoungGen      total 74752K, used 8537K [0x00000000d5580000, 0x00000000dab80000, 0x0000000100000000)
  eden space 64512K, 0% used [0x00000000d5580000,0x00000000d5580000,0x00000000d9480000)
  from space 10240K, 83% used [0x00000000d9f80000,0x00000000da7d6538,0x00000000da980000)
  to   space 11264K, 0% used [0x00000000d9480000,0x00000000d9480000,0x00000000d9f80000)
 ParOldGen       total 86016K, used 7443K [0x0000000080000000, 0x0000000085400000, 0x00000000d5580000)
  object space 86016K, 8% used [0x0000000080000000,0x0000000080744e28,0x0000000085400000)
 Metaspace       used 20559K, capacity 21208K, committed 21248K, reserved 1067008K
  class space    used 2871K, capacity 3056K, committed 3072K, reserved 1048576K
Event: 3.646 GC heap after
Heap after GC invocations=7 (full 1):
 PSYoungGen      total 74752K, used 0K [0x00000000d5580000, 0x00000000dab80000, 0x0000000100000000)
  eden space 64512K, 0% used [0x00000000d5580000,0x00000000d5580000,0x00000000d9480000)
  from space 10240K, 0% used [0x00000000d9f80000,0x00000000d9f80000,0x00000000da980000)
  to   space 11264K, 0% used [0x00000000d9480000,0x00000000d9480000,0x00000000d9f80000)
 ParOldGen       total 58880K, used 9343K [0x0000000080000000, 0x0000000083980000, 0x00000000d5580000)
  object space 58880K, 15% used [0x0000000080000000,0x000000008091ff98,0x0000000083980000)
 Metaspace       used 20559K, capacity 21208K, committed 21248K, reserved 1067008K
  class space    used 2871K, capacity 3056K, committed 3072K, reserved 1048576K
}
Event: 4.275 GC heap before
{Heap before GC invocations=8 (full 1):
 PSYoungGen      total 74752K, used 64512K [0x00000000d5580000, 0x00000000dab80000, 0x0000000100000000)
  eden space 64512K, 100% used [0x00000000d5580000,0x00000000d9480000,0x00000000d9480000)
  from space 10240K, 0% used [0x00000000d9f80000,0x00000000d9f80000,0x00000000da980000)
  to   space 11264K, 0% used [0x00000000d9480000,0x00000000d9480000,0x00000000d9f80000)
 ParOldGen       total 58880K, used 9343K [0x0000000080000000, 0x0000000083980000, 0x00000000d5580000)
  object space 58880K, 15% used [0x0000000080000000,0x000000008091ff98,0x0000000083980000)
 Metaspace       used 28180K, capacity 28832K, committed 29056K, reserved 1075200K
  class space    used 3888K, capacity 4099K, committed 4224K, reserved 1048576K
Event: 4.284 GC heap after
Heap after GC invocations=8 (full 1):
 PSYoungGen      total 75776K, used 7958K [0x00000000d5580000, 0x00000000dd180000, 0x0000000100000000)
  eden space 64512K, 0% used [0x00000000d5580000,0x00000000d5580000,0x00000000d9480000)
  from space 11264K, 70% used [0x00000000d9480000,0x00000000d9c45b70,0x00000000d9f80000)
  to   space 11264K, 0% used [0x00000000dc680000,0x00000000dc680000,0x00000000dd180000)
 ParOldGen       total 58880K, used 9351K [0x0000000080000000, 0x0000000083980000, 0x00000000d5580000)
  object space 58880K, 15% used [0x0000000080000000,0x0000000080921f98,0x0000000083980000)
 Metaspace       used 28180K, capacity 28832K, committed 29056K, reserved 1075200K
  class space    used 3888K, capacity 4099K, committed 4224K, reserved 1048576K
}

Deoptimization events (10 events):
Event: 4.272 Thread 0x000000001bbd5000 Uncommon trap: reason=class_check action=maybe_recompile pc=0x0000000003d63550 method=sun.misc.URLClassPath.getLoader(I)Lsun/misc/URLClassPath$Loader; @ 94
Event: 4.272 Thread 0x000000001bbd5000 Uncommon trap: reason=class_check action=maybe_recompile pc=0x0000000003c57ed8 method=sun.misc.URLClassPath.getResource(Ljava/lang/String;Z)Lsun/misc/Resource; @ 62
Event: 4.272 Thread 0x000000001bbd5000 Uncommon trap: reason=unstable_if action=reinterpret pc=0x0000000003d3e624 method=java.lang.String.regionMatches(ZILjava/lang/String;II)Z @ 41
Event: 4.274 Thread 0x000000001bbd5000 Uncommon trap: reason=unstable_if action=reinterpret pc=0x0000000003ce6ecc method=java.lang.ClassLoader.getClassLoadingLock(Ljava/lang/String;)Ljava/lang/Object; @ 6
Event: 4.307 Thread 0x000000001bbd5000 Uncommon trap: reason=class_check action=maybe_recompile pc=0x0000000003d6387c method=sun.misc.URLClassPath.getLoader(I)Lsun/misc/URLClassPath$Loader; @ 239
Event: 4.307 Thread 0x000000001bbd5000 Uncommon trap: reason=unstable_if action=reinterpret pc=0x0000000003b583f8 method=java.lang.String.regionMatches(ZILjava/lang/String;II)Z @ 41
Event: 4.317 Thread 0x000000001bbd5000 Uncommon trap: reason=class_check action=maybe_recompile pc=0x0000000003d6387c method=sun.misc.URLClassPath.getLoader(I)Lsun/misc/URLClassPath$Loader; @ 239
Event: 4.570 Thread 0x000000001bbd5000 Uncommon trap: reason=unstable_if action=reinterpret pc=0x00000000038ccc04 method=java.util.HashMap.getNode(ILjava/lang/Object;)Ljava/util/HashMap$Node; @ 53
Event: 4.570 Thread 0x000000001bbd5000 Uncommon trap: reason=unstable_if action=reinterpret pc=0x0000000003c4f4b8 method=java.util.HashMap.hash(Ljava/lang/Object;)I @ 1
Event: 4.699 Thread 0x000000001bbd5000 Uncommon trap: reason=unstable_if action=reinterpret pc=0x0000000003daaf00 method=org.objectweb.asm.ByteVector.putShort(I)Lorg/objectweb/asm/ByteVector; @ 13

Classes redefined (0 events):
No events

Internal exceptions (10 events):
Event: 4.390 Thread 0x000000001bbd5000 Exception <a 'java/lang/ClassNotFoundException': org/gradle/initialization/DefaultSettingsCustomizer> (0x00000000d5ded930) thrown at [C:\src\AOSP-openjdk-git\hotspot\src\share\vm\classfile\systemDictionary.cpp, line 210]
Event: 4.393 Thread 0x000000001bbd5000 Exception <a 'java/lang/ClassNotFoundException': org/gradle/initialization/DefaultSettings_DecoratedCustomizer> (0x00000000d5e5c418) thrown at [C:\src\AOSP-openjdk-git\hotspot\src\share\vm\classfile\systemDictionary.cpp, line 210]
Event: 4.429 Thread 0x000000001bbd5000 Exception <a 'java/lang/ClassNotFoundException': org/gradle/initialization/DefaultProjectDescriptorBeanInfo> (0x00000000d60c9d90) thrown at [C:\src\AOSP-openjdk-git\hotspot\src\share\vm\classfile\systemDictionary.cpp, line 210]
Event: 4.429 Thread 0x000000001bbd5000 Exception <a 'java/lang/ClassNotFoundException': org/gradle/initialization/DefaultProjectDescriptorCustomizer> (0x00000000d60facb0) thrown at [C:\src\AOSP-openjdk-git\hotspot\src\share\vm\classfile\systemDictionary.cpp, line 210]
Event: 4.570 Thread 0x000000001bbd5000 Implicit null exception at 0x0000000003c4f05b to 0x0000000003c4f49d
Event: 4.639 Thread 0x000000001b336000 Exception <a 'java/lang/NoSuchMethodError': <clinit>> (0x00000000d7433278) thrown at [C:\src\AOSP-openjdk-git\hotspot\src\share\vm\prims\jni.cpp, line 1615]
Event: 4.639 Thread 0x000000001b336000 Exception <a 'java/lang/NoSuchMethodError': <clinit>> (0x00000000d7435598) thrown at [C:\src\AOSP-openjdk-git\hotspot\src\share\vm\prims\jni.cpp, line 1615]
Event: 4.640 Thread 0x000000001b336000 Exception <a 'java/lang/NoSuchMethodError': <clinit>> (0x00000000d7444fb0) thrown at [C:\src\AOSP-openjdk-git\hotspot\src\share\vm\prims\jni.cpp, line 1615]
Event: 4.640 Thread 0x000000001b336000 Exception <a 'java/lang/NoSuchMethodError': <clinit>> (0x00000000d74480d0) thrown at [C:\src\AOSP-openjdk-git\hotspot\src\share\vm\prims\jni.cpp, line 1615]
Event: 4.641 Thread 0x000000001b336000 Exception <a 'java/lang/NoSuchMethodError': <clinit>> (0x00000000d7457168) thrown at [C:\src\AOSP-openjdk-git\hotspot\src\share\vm\prims\jni.cpp, line 1615]

Events (10 events):
Event: 4.774 loading class org/gradle/internal/service/scopes/ProjectScopeServices$ScriptScopedContext
Event: 4.774 loading class org/gradle/internal/service/scopes/ProjectScopeServices$ScriptScopedContext done
Event: 4.776 loading class org/gradle/configuration/project/BuildScriptProcessor$1
Event: 4.776 loading class org/gradle/configuration/project/BuildScriptProcessor$1 done
Event: 4.777 loading class org/gradle/internal/build/event/types/DefaultScriptPluginIdentifier
Event: 4.777 loading class org/gradle/internal/build/event/types/DefaultScriptPluginIdentifier done
Event: 4.779 loading class org/gradle/configuration/ProjectScriptTarget
Event: 4.779 loading class org/gradle/configuration/ProjectScriptTarget done
Event: 4.779 loading class org/gradle/api/internal/project/ProjectScript
Event: 4.779 loading class org/gradle/api/internal/project/ProjectScript done


Dynamic libraries:
0x00007ff7bfb90000 - 0x00007ff7bfbc1000 	E:\Android Studio\jre\bin\java.exe
0x00007ffe28640000 - 0x00007ffe28830000 	C:\WINDOWS\SYSTEM32\ntdll.dll
0x00007ffe28400000 - 0x00007ffe284b2000 	C:\WINDOWS\System32\KERNEL32.DLL
0x00007ffe25a10000 - 0x00007ffe25cb4000 	C:\WINDOWS\System32\KERNELBASE.dll
0x00007ffe26840000 - 0x00007ffe268e3000 	C:\WINDOWS\System32\ADVAPI32.dll
0x00007ffe26f40000 - 0x00007ffe26fde000 	C:\WINDOWS\System32\msvcrt.dll
0x00007ffe27ec0000 - 0x00007ffe27f57000 	C:\WINDOWS\System32\sechost.dll
0x00007ffe27d90000 - 0x00007ffe27eb0000 	C:\WINDOWS\System32\RPCRT4.dll
0x00007ffe28090000 - 0x00007ffe28224000 	C:\WINDOWS\System32\USER32.dll
0x00007ffe26740000 - 0x00007ffe26761000 	C:\WINDOWS\System32\win32u.dll
0x00007ffe28060000 - 0x00007ffe28086000 	C:\WINDOWS\System32\GDI32.dll
0x00007ffe25670000 - 0x00007ffe25805000 	C:\WINDOWS\System32\gdi32full.dll
0x00007ffe266a0000 - 0x00007ffe2673e000 	C:\WINDOWS\System32\msvcp_win.dll
0x00007ffe265a0000 - 0x00007ffe2669a000 	C:\WINDOWS\System32\ucrtbase.dll
0x00007ffe230a0000 - 0x00007ffe23324000 	C:\WINDOWS\WinSxS\amd64_microsoft.windows.common-controls_6595b64144ccf1df_6.0.18362.900_none_e6beb9d913147d17\COMCTL32.dll
0x00007ffe27a40000 - 0x00007ffe27d75000 	C:\WINDOWS\System32\combase.dll
0x00007ffe264d0000 - 0x00007ffe26550000 	C:\WINDOWS\System32\bcryptPrimitives.dll
0x00007ffe27040000 - 0x00007ffe2706e000 	C:\WINDOWS\System32\IMM32.DLL
0x00000000738c0000 - 0x0000000073992000 	E:\Android Studio\jre\jre\bin\msvcr100.dll
0x00000000739a0000 - 0x00000000741eb000 	E:\Android Studio\jre\jre\bin\server\jvm.dll
0x00007ffe27eb0000 - 0x00007ffe27eb8000 	C:\WINDOWS\System32\PSAPI.DLL
0x00007ffe25320000 - 0x00007ffe2532a000 	C:\WINDOWS\SYSTEM32\VERSION.dll
0x00007ffe21910000 - 0x00007ffe21934000 	C:\WINDOWS\SYSTEM32\WINMM.dll
0x00007ffe21940000 - 0x00007ffe21949000 	C:\WINDOWS\SYSTEM32\WSOCK32.dll
0x00007ffe28390000 - 0x00007ffe283ff000 	C:\WINDOWS\System32\WS2_32.dll
0x00007ffe218e0000 - 0x00007ffe2190d000 	C:\WINDOWS\SYSTEM32\winmmbase.dll
0x00007ffe26550000 - 0x00007ffe2659a000 	C:\WINDOWS\System32\cfgmgr32.dll
0x00007ffe215e0000 - 0x00007ffe215ef000 	E:\Android Studio\jre\jre\bin\verify.dll
0x00007ffe1f110000 - 0x00007ffe1f139000 	E:\Android Studio\jre\jre\bin\java.dll
0x00007ffe1f0f0000 - 0x00007ffe1f106000 	E:\Android Studio\jre\jre\bin\zip.dll
0x00007ffe27070000 - 0x00007ffe27756000 	C:\WINDOWS\System32\SHELL32.dll
0x00007ffe27760000 - 0x00007ffe27809000 	C:\WINDOWS\System32\shcore.dll
0x00007ffe25cc0000 - 0x00007ffe26440000 	C:\WINDOWS\System32\windows.storage.dll
0x00007ffe25600000 - 0x00007ffe25623000 	C:\WINDOWS\System32\profapi.dll
0x00007ffe255b0000 - 0x00007ffe255fa000 	C:\WINDOWS\System32\powrprof.dll
0x00007ffe25580000 - 0x00007ffe25590000 	C:\WINDOWS\System32\UMPDC.dll
0x00007ffe26fe0000 - 0x00007ffe27032000 	C:\WINDOWS\System32\shlwapi.dll
0x00007ffe25590000 - 0x00007ffe255a1000 	C:\WINDOWS\System32\kernel.appcore.dll
0x00007ffe25650000 - 0x00007ffe25667000 	C:\WINDOWS\System32\cryptsp.dll
0x00007ffe1f0d0000 - 0x00007ffe1f0ea000 	E:\Android Studio\jre\jre\bin\net.dll
0x00007ffe248c0000 - 0x00007ffe24927000 	C:\WINDOWS\system32\mswsock.dll
0x00007ffe1f0b0000 - 0x00007ffe1f0c3000 	E:\Android Studio\jre\jre\bin\nio.dll
0x00007ffe147a0000 - 0x00007ffe147c6000 	C:\Users\bless\.gradle\native\31\windows-amd64\native-platform.dll
0x00007ffe215d0000 - 0x00007ffe215dd000 	E:\Android Studio\jre\jre\bin\management.dll
0x00007ffe24440000 - 0x00007ffe24473000 	C:\WINDOWS\system32\rsaenh.dll
0x00007ffe264a0000 - 0x00007ffe264c6000 	C:\WINDOWS\System32\bcrypt.dll
0x00007ffe25470000 - 0x00007ffe25495000 	C:\WINDOWS\SYSTEM32\USERENV.dll
0x00007ffe24b50000 - 0x00007ffe24b5c000 	C:\WINDOWS\SYSTEM32\CRYPTBASE.dll
0x00007ffe245e0000 - 0x00007ffe2461a000 	C:\WINDOWS\SYSTEM32\IPHLPAPI.DLL
0x00007ffe27a30000 - 0x00007ffe27a38000 	C:\WINDOWS\System32\NSI.dll
0x00007ffe19aa0000 - 0x00007ffe19ab6000 	C:\WINDOWS\SYSTEM32\dhcpcsvc6.DLL
0x00007ffe19c20000 - 0x00007ffe19c3c000 	C:\WINDOWS\SYSTEM32\dhcpcsvc.DLL
0x00007ffe24620000 - 0x00007ffe246eb000 	C:\WINDOWS\SYSTEM32\DNSAPI.dll
0x00007ffe25030000 - 0x00007ffe25224000 	C:\WINDOWS\SYSTEM32\dbghelp.dll

VM Arguments:
jvm_args: -Xmx2048m -Dfile.encoding=GBK -Duser.country=CN -Duser.language=zh -Duser.variant 
java_command: org.gradle.launcher.daemon.bootstrap.GradleDaemon 6.1.1
java_class_path (initial): C:\Users\bless\.gradle\wrapper\dists\gradle-6.1.1-all\cfmwm155h49vnt3hynmlrsdst\gradle-6.1.1\lib\gradle-launcher-6.1.1.jar
Launcher Type: SUN_STANDARD

Environment Variables:
JAVA_HOME=E:\java\jdk1.8.0_251
CLASSPATH=.;E:\java\jdk1.8.0_251\lib\dt.jar;E:\java\jdk1.8.0_251\lib\tools.jar;
PATH=C:\Program Files (x86)\Common Files\Oracle\Java\javapath;E:\Python\Scripts\;E:\Python\;C:\Program Files (x86)\Intel\Intel(R) Management Engine Components\iCLS\;C:\Program Files\Intel\Intel(R) Management Engine Components\iCLS\;C:\WINDOWS\system32;C:\WINDOWS;C:\WINDOWS\System32\Wbem;C:\WINDOWS\System32\WindowsPowerShell\v1.0\;C:\WINDOWS\System32\OpenSSH\;E:\java\jdk1.8.0_251\bin;E:\java\jdk1.8.0_251\jre\bin;E:\Android_SDK_Manager\platform-tools;E:\Android_SDK_Manager\tools;E:\Git\cmd;C:\Program Files (x86)\Intel\Intel(R) Management Engine Components\DAL;C:\Program Files\Intel\Intel(R) Management Engine Components\DAL;C:\Program Files (x86)\Intel\Intel(R) Management Engine Components\IPT;C:\Program Files\Intel\Intel(R) Management Engine Components\IPT;E:\sdk-tools\platform-tools;E:\Python\Scripts\;E:\Python\;F:\Bandizip\;C:\Users\bless\AppData\Local\Microsoft\WindowsApps;;E:\Microsoft VS Code\bin;E:\PyCharm Community Edition 2020.1.1\bin;
USERNAME=bless
OS=Windows_NT
PROCESSOR_IDENTIFIER=Intel64 Family 6 Model 142 Stepping 9, GenuineIntel



---------------  S Y S T E M  ---------------

OS: Windows 10.0 , 64 bit Build 18362 (10.0.18362.900)

CPU:total 4 (initial active 4) (2 cores per cpu, 2 threads per core) family 6 model 142 stepping 9, cmov, cx8, fxsr, mmx, sse, sse2, sse3, ssse3, sse4.1, sse4.2, popcnt, avx, avx2, aes, clmul, erms, 3dnowpref, lzcnt, ht, tsc, tscinvbit, bmi1, bmi2, adx

Memory: 4k page, physical 8193548k(2785744k free), swap 11208204k(4912964k free)

vm_info: OpenJDK 64-Bit Server VM (25.242-b01) for windows-amd64 JRE (1.8.0_242-release-1644-b01), built by "builder" with MS VC++ 10.0 (VS2010)

time: Sun Jun 28 04:17:12 2020
timezone: 中国标准时间
elapsed time: 4 seconds (0d 0h 0m 4s)

